c:\users\piotr_2\source\repos\othello\othello\debug\othello.pch
c:\users\piotr_2\source\repos\othello\othello\debug\vc141.pdb
c:\users\piotr_2\source\repos\othello\othello\debug\vc141.idb
c:\users\piotr_2\source\repos\othello\othello\debug\stdafx.obj
c:\users\piotr_2\source\repos\othello\othello\debug\renderer.obj
c:\users\piotr_2\source\repos\othello\othello\debug\pawn.obj
c:\users\piotr_2\source\repos\othello\othello\debug\mousehandler.obj
c:\users\piotr_2\source\repos\othello\othello\debug\gameobject.obj
c:\users\piotr_2\source\repos\othello\othello\debug\fieldlogic.obj
c:\users\piotr_2\source\repos\othello\othello\debug\field.obj
c:\users\piotr_2\source\repos\othello\othello\debug\circletexture.obj
c:\users\piotr_2\source\repos\othello\othello\debug\board.obj
c:\users\piotr_2\source\repos\othello\othello\debug\sidemenu.obj
c:\users\piotr_2\source\repos\othello\othello\debug\engine.obj
c:\users\piotr_2\source\repos\othello\othello\debug\creator.obj
c:\users\piotr_2\source\repos\othello\othello\debug\othello.obj
c:\users\piotr_2\source\repos\othello\debug\othello.exe
c:\users\piotr_2\source\repos\othello\debug\othello.ilk
c:\users\piotr_2\source\repos\othello\debug\othello.pdb
c:\users\piotr_2\source\repos\othello\othello\debug\othello.res
c:\users\piotr_2\source\repos\othello\othello\debug\othello.tlog\cl.command.1.tlog
c:\users\piotr_2\source\repos\othello\othello\debug\othello.tlog\cl.read.1.tlog
c:\users\piotr_2\source\repos\othello\othello\debug\othello.tlog\cl.write.1.tlog
c:\users\piotr_2\source\repos\othello\othello\debug\othello.tlog\link.command.1.tlog
c:\users\piotr_2\source\repos\othello\othello\debug\othello.tlog\link.read.1.tlog
c:\users\piotr_2\source\repos\othello\othello\debug\othello.tlog\link.write.1.tlog
c:\users\piotr_2\source\repos\othello\othello\debug\othello.tlog\rc.command.1.tlog
c:\users\piotr_2\source\repos\othello\othello\debug\othello.tlog\rc.read.1.tlog
c:\users\piotr_2\source\repos\othello\othello\debug\othello.tlog\rc.write.1.tlog
