  Board.cpp
  BoardFeatures.cpp
  Creator.cpp
  Engine.cpp
c:\users\piotr\source\repos\othello\othello\engine.cpp(29): error C2653: 'Renderer': is not a class or namespace name
c:\users\piotr\source\repos\othello\othello\engine.cpp(29): error C3861: 'Add': identifier not found
c:\users\piotr\source\repos\othello\othello\engine.cpp(76): error C2653: 'Renderer': is not a class or namespace name
c:\users\piotr\source\repos\othello\othello\engine.cpp(76): error C3861: 'Remove': identifier not found
c:\users\piotr\source\repos\othello\othello\engine.cpp(85): error C2653: 'Renderer': is not a class or namespace name
c:\users\piotr\source\repos\othello\othello\engine.cpp(85): error C3861: 'Add': identifier not found
c:\users\piotr\source\repos\othello\othello\engine.cpp(119): error C2653: 'Renderer': is not a class or namespace name
c:\users\piotr\source\repos\othello\othello\engine.cpp(119): error C3861: 'Draw': identifier not found
  Field.cpp
  Game.cpp
  GameObject.cpp
  Machine.cpp
  MouseHandler.cpp
  Othello.cpp
  Pawn.cpp
c:\users\piotr\source\repos\othello\othello\pawn.cpp(46): error C2653: 'Renderer': is not a class or namespace name
c:\users\piotr\source\repos\othello\othello\pawn.cpp(46): error C3861: 'Add': identifier not found
  PawnTexture.cpp
  Renderer.cpp
  SideMenu.cpp
  Generating Code...
